cropLib/build/outputs/logs/manifest-merger-debug-report.txt
-- Merging decision tree log ---
manifest
ADDED from src/main/AndroidManifest.xml:1:1-3:12
INJECTED from src/main/AndroidManifest.xml:1:1-3:12
INJECTED from src/main/AndroidManifest.xml:1:1-3:12
	package
		ADDED from src/main/AndroidManifest.xml:1:11-48
		INJECTED from src/main/AndroidManifest.xml
		INJECTED from src/main/AndroidManifest.xml
	xmlns:android
		ADDED from src/main/AndroidManifest.xml:1:49-107
uses-sdk
ADDED from src/main/AndroidManifest.xml:2:5-43
INJECTED from src/main/AndroidManifest.xml:2:5-43
INJECTED from src/main/AndroidManifest.xml:2:5-43
INJECTED from src/main/AndroidManifest.xml:2:5-43
INJECTED from src/main/AndroidManifest.xml:2:5-43
	android:targetSdkVersion
		INJECTED from src/main/AndroidManifest.xml
		ADDED from src/main/AndroidManifest.xml:2:5-43
		INJECTED from src/main/AndroidManifest.xml
	android:minSdkVersion
		ADDED from src/main/AndroidManifest.xml:2:15-41
		INJECTED from src/main/AndroidManifest.xml
		INJECTED from src/main/AndroidManifest.xml